[Licensing::Module] Trying to connect to existing licensing client channel...
Built from '6000.3/staging' branch; Version is '6000.3.7f1 (696ec25a53d1) revision 6909634'; Using compiler version '194234433'; Build Type 'Release'
OS: 'Windows 11  (10.0.26100) Professional' Language: 'en' Physical Memory: 16084 MB
BatchMode: 1, IsHumanControllingUs: 0, StartBugReporterOnCrash: 0, Is64bit: 1
System  architecture: x64
Process architecture: x64
Date: 2026-02-13T03:58:39Z
[Licensing::IpcConnector] Successfully connected to: "LicenseClient-rodyc" at "2026-02-13T03:58:39.3420594Z"

COMMAND LINE ARGUMENTS:
C:\Program Files\Unity\Hub\Editor\6000.3.7f1\Editor\Unity.exe
-adb2
-batchMode
-noUpm
-name
AssetImportWorker4
-projectPath
C:/Users/rodyc/source/repos/Project-WF1/Witherfade
-logFile
Logs/AssetImportWorker4.log
-srvPort
56868
-licensingIpc
LicenseClient-rodyc
-job-worker-count
11
-background-job-worker-count
8
-gc-helper-count
1
-name
AssetImport
Successfully changed project path to: C:/Users/rodyc/source/repos/Project-WF1/Witherfade
C:/Users/rodyc/source/repos/Project-WF1/Witherfade
[UnityMemory] Configuration Parameters - Can be set up in boot.config
    "memorysetup-temp-allocator-size-nav-mesh-worker=65536"
    "memorysetup-temp-allocator-size-audio-worker=65536"
    "memorysetup-temp-allocator-size-gfx=262144"
    "memorysetup-allocator-temp-initial-block-size-main=262144"
    "memorysetup-allocator-temp-initial-block-size-worker=262144"
    "memorysetup-temp-allocator-size-background-worker=32768"
    "memorysetup-temp-allocator-size-job-worker=262144"
    "memorysetup-temp-allocator-size-preload-manager=33554432"
    "memorysetup-temp-allocator-size-gi-baking-worker=262144"
    "memorysetup-temp-allocator-size-gi-baking-worker=262144"
    "memorysetup-temp-allocator-size-gi-baking-worker=262144"
    "memorysetup-temp-allocator-size-gi-baking-worker=262144"
    "memorysetup-temp-allocator-size-gi-baking-worker=262144"
    "memorysetup-bucket-allocator-granularity=16"
    "memorysetup-bucket-allocator-bucket-count=8"
    "memorysetup-bucket-allocator-block-size=33554432"
    "memorysetup-bucket-allocator-block-count=8"
    "memorysetup-main-allocator-block-size=16777216"
    "memorysetup-thread-allocator-block-size=16777216"
    "memorysetup-gfx-main-allocator-block-size=16777216"
    "memorysetup-gfx-thread-allocator-block-size=16777216"
    "memorysetup-cache-allocator-block-size=4194304"
    "memorysetup-typetree-allocator-block-size=2097152"
    "memorysetup-profiler-bucket-allocator-granularity=16"
    "memorysetup-profiler-bucket-allocator-bucket-count=8"
    "memorysetup-profiler-bucket-allocator-block-size=33554432"
    "memorysetup-profiler-bucket-allocator-block-count=8"
    "memorysetup-profiler-allocator-block-size=16777216"
    "memorysetup-profiler-editor-allocator-block-size=1048576"
    "memorysetup-temp-allocator-size-main=16777216"
    "memorysetup-job-temp-allocator-block-size=2097152"
    "memorysetup-job-temp-allocator-block-size-background=1048576"
    "memorysetup-job-temp-allocator-reduction-small-platforms=262144"
    "memorysetup-temp-allocator-size-cloud-worker=32768"
Player connection [20012]  Target information:

Player connection [20012]  * "[IP] 192.168.56.1 [Port] 0 [Flags] 2 [Guid] 2392756128 [EditorId] 2392756128 [Version] 1048832 [Id] WindowsEditor(7,MSI) [Debug] 1 [PackageName] WindowsEditor [ProjectName] Editor" 

Player connection [20012]  * "[IP] 192.168.1.127 [Port] 0 [Flags] 2 [Guid] 2392756128 [EditorId] 2392756128 [Version] 1048832 [Id] WindowsEditor(7,MSI) [Debug] 1 [PackageName] WindowsEditor [ProjectName] Editor" 

Player connection [20012] Host joined multi-casting on [225.0.0.222:54997]...
Player connection [20012] Host joined alternative multi-casting on [225.0.0.222:34997]...
JobSystem: Creating JobQueue using job-worker-count value 11
Input System module state changed to: Initialized.
[Physics::Module] Initialized fallback backend.
[Physics::Module] Id: 0xdecafbad
Library Redirect Path: Library/
[Physics::Module] Selected backend.
[Physics::Module] Name: PhysX
[Physics::Module] Id: 0xf2b8ea05
[Physics::Module] SDK Version: 4.1.2
[Physics::Module] Integration Version: 1.0.0
[Physics::Module] Threading Mode: Multi-Threaded
Refreshing native plugins compatible for Editor in 8.41 ms, found 3 plugins.
Preloading 0 native plugins for Editor in 0.00 ms.
Initialize engine version: 6000.3.7f1 (696ec25a53d1)
[Subsystems] Discovering subsystems at path C:/Program Files/Unity/Hub/Editor/6000.3.7f1/Editor/Data/Resources/UnitySubsystems
[Subsystems] Discovering subsystems at path C:/Users/rodyc/source/repos/Project-WF1/Witherfade/Assets
GfxDevice: creating device client; kGfxThreadingModeNonThreaded
Direct3D:
    Version:  Direct3D 11.0 [level 11.1]
    Renderer: NVIDIA GeForce RTX 4070 Laptop GPU (ID=0x2820)
    Vendor:   NVIDIA
    VRAM:     7948 MB
    Driver:   31.0.15.5188
Initialize mono
Mono path[0] = 'C:/Program Files/Unity/Hub/Editor/6000.3.7f1/Editor/Data/Managed'
Mono path[1] = 'C:/Program Files/Unity/Hub/Editor/6000.3.7f1/Editor/Data/MonoBleedingEdge/lib/mono/unityjit-win32'
Mono config path = 'C:/Program Files/Unity/Hub/Editor/6000.3.7f1/Editor/Data/MonoBleedingEdge/etc'
Using monoOptions --debugger-agent=transport=dt_socket,embedding=1,server=y,suspend=n,address=127.0.0.1:56764
[Licensing::Client] Error: HandshakeResponse reported an error:
	ResponseCode: 505
	ResponseStatus: Unsupported protocol version '1.17.4'.
[Licensing::Module] Error: Failed to handshake to channel: "LicenseClient-rodyc"
[Licensing::IpcConnector] LicenseClient-rodyc channel disconnected successfully.
[Licensing::IpcConnector] Successfully connected to: "LicenseClient-rodyc-6000.3.7" at "2026-02-13T03:58:40.2278339Z"
Begin MonoManager ReloadAssembly
Registering precompiled unity dll's ...
Register platform support module: C:/Program Files/Unity/Hub/Editor/6000.3.7f1/Editor/Data/PlaybackEngines/WebGLSupport/UnityEditor.WebGL.Extensions.dll
Register platform support module: C:/Program Files/Unity/Hub/Editor/6000.3.7f1/Editor/Data/PlaybackEngines/WindowsStandaloneSupport/UnityEditor.WindowsStandalone.Extensions.dll
Registered in 0.004609 seconds.
- Loaded All Assemblies, in  0.508 seconds
Native extension for WindowsStandalone target not found
Native extension for WebGL target not found
ScheduleIndexationOnStartup MainProcess:False IndexOnStartup:True
Mono: successfully reloaded assembly
- Finished resetting the current domain, in  0.505 seconds
Domain Reload Profiling: 1010ms
	BeginReloadAssembly (193ms)
		ExecutionOrderSort (0ms)
		DisableScriptedObjects (0ms)
		BackupInstance (0ms)
		ReleaseScriptingObjects (0ms)
		CreateAndSetChildDomain (3ms)
	RebuildCommonClasses (44ms)
	RebuildNativeTypeToScriptingClass (12ms)
	initialDomainReloadingComplete (57ms)
	LoadAllAssembliesAndSetupDomain (197ms)
		LoadAssemblies (185ms)
		RebuildTransferFunctionScriptingTraits (0ms)
		AnalyzeDomain (193ms)
			TypeCache.Refresh (191ms)
				TypeCache.ScanAssembly (171ms)
			BuildScriptInfoCaches (0ms)
			ResolveRequiredComponents (1ms)
	FinalizeReload (505ms)
		ReleaseScriptCaches (0ms)
		RebuildScriptCaches (0ms)
		SetupLoadedEditorAssemblies (415ms)
			LogAssemblyErrors (0ms)
			InitializePlatformSupportModulesInManaged (58ms)
			SetLoadedEditorAssemblies (4ms)
			BeforeProcessingInitializeOnLoad (89ms)
			ProcessInitializeOnLoadAttributes (165ms)
			ProcessInitializeOnLoadMethodAttributes (99ms)
			AfterProcessingInitializeOnLoad (0ms)
			EditorAssembliesLoaded (0ms)
		ExecutionOrderSort2 (0ms)
		AwakeInstancesAfterBackupRestoration (0ms)
[Licensing::Client] Handshaking with LicensingClient:
  Version:                 1.17.4+4293ba1
  Session Id:              fbe8a91dc4d44640a868ae342b37d4eb
  Correlation Id:          abf792fa26fb4f240b5cc3f81e562a80
  External correlation Id: 8361746777772588894
  Machine Id:              +q3cexoagPlaMDJOAZMUujVM32w=
[Licensing::Module] Successfully connected to LicensingClient on channel: "LicenseClient-rodyc-6000.3.7" (connect: 0.00s, validation: 0.02s, handshake: 1.04s)
[Licensing::IpcConnector] Successfully connected to: "LicenseClient-rodyc-6000.3.7-notifications" at "2026-02-13T03:58:41.3042743Z"
[Licensing::Module] Licensing Background thread has ended after 2.03s
========================================================================
Worker process is ready to serve import requests
Import Worker Mode flag is 0x00
Begin MonoManager ReloadAssembly
[Licensing::Client] Successfully resolved entitlement details
[Licensing::Module] License group:
  Id: 20067533572392-UnityPersXXXX
  Product: Unity Personal
  Type: Assigned
  Expiration: Unlimited
- Loaded All Assemblies, in  0.896 seconds
Refreshing native plugins compatible for Editor in 3.07 ms, found 3 plugins.
Native extension for WindowsStandalone target not found
Native extension for WebGL target not found
Package Manager log level set to [2]
[Package Manager] Failed to launch server process. Reason: Unity was launched with the -noUpm command-line argument
[Package Manager] Unable to send message (not connected to server process).
[Package Manager] Cannot connect to Unity Package Manager local server
ScheduleIndexationOnStartup MainProcess:False IndexOnStartup:True
Mono: successfully reloaded assembly
- Finished resetting the current domain, in  0.559 seconds
Domain Reload Profiling: 1446ms
	BeginReloadAssembly (254ms)
		ExecutionOrderSort (0ms)
		DisableScriptedObjects (7ms)
		BackupInstance (0ms)
		ReleaseScriptingObjects (0ms)
		CreateAndSetChildDomain (38ms)
	RebuildCommonClasses (41ms)
	RebuildNativeTypeToScriptingClass (16ms)
	initialDomainReloadingComplete (43ms)
	LoadAllAssembliesAndSetupDomain (532ms)
		LoadAssemblies (473ms)
		RebuildTransferFunctionScriptingTraits (0ms)
		AnalyzeDomain (211ms)
			TypeCache.Refresh (150ms)
				TypeCache.ScanAssembly (138ms)
			BuildScriptInfoCaches (54ms)
			ResolveRequiredComponents (3ms)
	FinalizeReload (560ms)
		ReleaseScriptCaches (0ms)
		RebuildScriptCaches (0ms)
		SetupLoadedEditorAssemblies (457ms)
			LogAssemblyErrors (0ms)
			InitializePlatformSupportModulesInManaged (2ms)
			SetLoadedEditorAssemblies (3ms)
			BeforeProcessingInitializeOnLoad (132ms)
			ProcessInitializeOnLoadAttributes (280ms)
			ProcessInitializeOnLoadMethodAttributes (30ms)
			AfterProcessingInitializeOnLoad (10ms)
			EditorAssembliesLoaded (0ms)
		ExecutionOrderSort2 (0ms)
		AwakeInstancesAfterBackupRestoration (8ms)
Launched and connected shader compiler UnityShaderCompiler.exe after 0.03 seconds
Refreshing native plugins compatible for Editor in 1.81 ms, found 3 plugins.
Preloading 0 native plugins for Editor in 0.00 ms.
Unloading 0 Unused Serialized files (Serialized files now loaded: 0)
Unloading 3933 unused Assets / (1.2 MB). Loaded Objects now: 4531.
Memory consumption went from 95.8 MB to 94.6 MB.
Total: 9.002000 ms (FindLiveObjects: 0.418100 ms CreateObjectMapping: 0.549600 ms MarkObjects: 6.806100 ms  DeleteObjects: 1.226600 ms)

========================================================================
Received Prepare
Refreshing native plugins compatible for Editor in 1.40 ms, found 3 plugins.
Preloading 0 native plugins for Editor in 0.00 ms.
Unloading 0 Unused Serialized files (Serialized files now loaded: 0)
Unloading 3926 unused Assets / (1.0 MB). Loaded Objects now: 4532.
Memory consumption went from 94.5 MB to 93.5 MB.
Total: 7.357100 ms (FindLiveObjects: 0.337300 ms CreateObjectMapping: 0.299900 ms MarkObjects: 5.708800 ms  DeleteObjects: 1.009200 ms)

Prepare: number of updated asset objects reloaded= 0
========================================================================
Received Import Request.
  Time since last request: 142363.715265 seconds.
  path: Assets/Scripts/buttonfunctions.cs
  artifactKey: Guid(04877e8df4605eb4188cc4a82fb3e174) Importer(815301076,1909f56bfc062723c751e8b465ee728b)
Start importing Assets/Scripts/buttonfunctions.cs using Guid(04877e8df4605eb4188cc4a82fb3e174) Importer(815301076,1909f56bfc062723c751e8b465ee728b) (PreviewImporter) -> (artifact id: '4df86223950011dfb384082648a2635b') in 0.007271 seconds
Number of updated asset objects reloaded before import = 0Number of asset objects unloaded after import = 0

========================================================================
Received Import Request.
  Time since last request: 0.356437 seconds.
  path: Assets/Scripts/buttonfunctions.cs
  artifactKey: Guid(04877e8df4605eb4188cc4a82fb3e174) Importer(2089858483,b0f066a214c2f5e87bad3c948f4d605d)
Start importing Assets/Scripts/buttonfunctions.cs using Guid(04877e8df4605eb4188cc4a82fb3e174) Importer(2089858483,b0f066a214c2f5e87bad3c948f4d605d) (ScriptedImporter) -> (artifact id: 'cafb46ce0a9a91b95b6d1357da474d78') in 0.0627682 seconds
Number of updated asset objects reloaded before import = 0Number of asset objects unloaded after import = 0

========================================================================
Received Prepare
Refreshing native plugins compatible for Editor in 1.82 ms, found 3 plugins.
Preloading 0 native plugins for Editor in 0.00 ms.
Unloading 0 Unused Serialized files (Serialized files now loaded: 0)
Unloading 3926 unused Assets / (0.8 MB). Loaded Objects now: 4534.
Memory consumption went from 95.3 MB to 94.5 MB.
Total: 11.930100 ms (FindLiveObjects: 1.273100 ms CreateObjectMapping: 0.245100 ms MarkObjects: 9.528600 ms  DeleteObjects: 0.881600 ms)

Prepare: number of updated asset objects reloaded= 0
========================================================================
Received Import Request.
  Time since last request: 69.346224 seconds.
  path: Assets/Scripts/buttonfunctions.cs
  artifactKey: Guid(04877e8df4605eb4188cc4a82fb3e174) Importer(2089858483,b0f066a214c2f5e87bad3c948f4d605d)
Start importing Assets/Scripts/buttonfunctions.cs using Guid(04877e8df4605eb4188cc4a82fb3e174) Importer(2089858483,b0f066a214c2f5e87bad3c948f4d605d) (ScriptedImporter) -> (artifact id: '2906e3c9d931ab17d99b520eb6192817') in 0.0383334 seconds
Number of updated asset objects reloaded before import = 0Number of asset objects unloaded after import = 0

========================================================================
Received Prepare
Begin MonoManager ReloadAssembly
[Licensing::Client] Successfully resolved entitlement details
- Loaded All Assemblies, in  0.621 seconds
Refreshing native plugins compatible for Editor in 1.01 ms, found 3 plugins.
Native extension for WindowsStandalone target not found
Native extension for WebGL target not found
[Package Manager] Failed to launch server process. Reason: Unity was launched with the -noUpm command-line argument
[Package Manager] Unable to send message (not connected to server process).
[Package Manager] Cannot connect to Unity Package Manager local server
ScheduleIndexationOnStartup MainProcess:False IndexOnStartup:True
Mono: successfully reloaded assembly
- Finished resetting the current domain, in  0.482 seconds
Domain Reload Profiling: 1101ms
	BeginReloadAssembly (224ms)
		ExecutionOrderSort (0ms)
		DisableScriptedObjects (7ms)
		BackupInstance (0ms)
		ReleaseScriptingObjects (0ms)
		CreateAndSetChildDomain (46ms)
	RebuildCommonClasses (33ms)
	RebuildNativeTypeToScriptingClass (10ms)
	initialDomainReloadingComplete (26ms)
	LoadAllAssembliesAndSetupDomain (325ms)
		LoadAssemblies (324ms)
		RebuildTransferFunctionScriptingTraits (0ms)
		AnalyzeDomain (120ms)
			TypeCache.Refresh (9ms)
				TypeCache.ScanAssembly (0ms)
			BuildScriptInfoCaches (104ms)
			ResolveRequiredComponents (3ms)
	FinalizeReload (482ms)
		ReleaseScriptCaches (0ms)
		RebuildScriptCaches (0ms)
		SetupLoadedEditorAssemblies (384ms)
			LogAssemblyErrors (0ms)
			InitializePlatformSupportModulesInManaged (2ms)
			SetLoadedEditorAssemblies (3ms)
			BeforeProcessingInitializeOnLoad (101ms)
			ProcessInitializeOnLoadAttributes (239ms)
			ProcessInitializeOnLoadMethodAttributes (30ms)
			AfterProcessingInitializeOnLoad (7ms)
			EditorAssembliesLoaded (0ms)
		ExecutionOrderSort2 (0ms)
		AwakeInstancesAfterBackupRestoration (6ms)
Refreshing native plugins compatible for Editor in 0.78 ms, found 3 plugins.
Preloading 0 native plugins for Editor in 0.00 ms.
Unloading 0 Unused Serialized files (Serialized files now loaded: 0)
Unloading 3932 unused Assets / (1.0 MB). Loaded Objects now: 4536.
Memory consumption went from 96.8 MB to 95.8 MB.
Total: 4.792100 ms (FindLiveObjects: 0.297800 ms CreateObjectMapping: 0.156600 ms MarkObjects: 3.652700 ms  DeleteObjects: 0.684100 ms)

Prepare: number of updated asset objects reloaded= 0
========================================================================
Received Import Request.
  Time since last request: 8.112054 seconds.
  path: Assets/Scripts/buttonfunctions.cs
  artifactKey: Guid(04877e8df4605eb4188cc4a82fb3e174) Importer(815301076,1909f56bfc062723c751e8b465ee728b)
Start importing Assets/Scripts/buttonfunctions.cs using Guid(04877e8df4605eb4188cc4a82fb3e174) Importer(815301076,1909f56bfc062723c751e8b465ee728b) (PreviewImporter) -> (artifact id: '28d1b2204d0d3e88cfe6bb8ebb6126da') in 0.0022569 seconds
Number of updated asset objects reloaded before import = 0Number of asset objects unloaded after import = 0

========================================================================
Received Import Request.
  Time since last request: 184.754935 seconds.
  path: Assets/Scenes/SandboxRody.unity
  artifactKey: Guid(9fc0d4010bbf28b4594072e72b8655ab) Importer(2089858483,b0f066a214c2f5e87bad3c948f4d605d)
Start importing Assets/Scenes/SandboxRody.unity using Guid(9fc0d4010bbf28b4594072e72b8655ab) Importer(2089858483,b0f066a214c2f5e87bad3c948f4d605d) (ScriptedImporter) -> (artifact id: '08601e57fa576aa4d0746b6c1e9d12c6') in 0.0871814 seconds
Number of updated asset objects reloaded before import = 0Number of asset objects unloaded after import = 1

========================================================================
Received Import Request.
  Time since last request: 7.750191 seconds.
  path: Assets/Prefabs/Environment
  artifactKey: Guid(6ca0a35b3ffbac2439dcffcdb4bb27ca) Importer(815301076,1909f56bfc062723c751e8b465ee728b)
Start importing Assets/Prefabs/Environment using Guid(6ca0a35b3ffbac2439dcffcdb4bb27ca) Importer(815301076,1909f56bfc062723c751e8b465ee728b) (PreviewImporter) -> (artifact id: '754170e12bbbeb87d9a2faba8688540e') in 0.0005818 seconds
Number of updated asset objects reloaded before import = 0Number of asset objects unloaded after import = 0

========================================================================
Received Import Request.
  Time since last request: 3.044511 seconds.
  path: Assets/Prefabs/Environment
  artifactKey: Guid(6ca0a35b3ffbac2439dcffcdb4bb27ca) Importer(2089858483,b0f066a214c2f5e87bad3c948f4d605d)
Start importing Assets/Prefabs/Environment using Guid(6ca0a35b3ffbac2439dcffcdb4bb27ca) Importer(2089858483,b0f066a214c2f5e87bad3c948f4d605d) (ScriptedImporter) -> (artifact id: 'f95de42d602a63888be1764cc4fb4637') in 0.0253637 seconds
Number of updated asset objects reloaded before import = 0Number of asset objects unloaded after import = 1

========================================================================
Received Import Request.
  Time since last request: 1.740244 seconds.
  path: Assets/Prefabs/Entities
  artifactKey: Guid(f8022ae06d9f6584c9741fa2c4b635c8) Importer(815301076,1909f56bfc062723c751e8b465ee728b)
Start importing Assets/Prefabs/Entities using Guid(f8022ae06d9f6584c9741fa2c4b635c8) Importer(815301076,1909f56bfc062723c751e8b465ee728b) (PreviewImporter) -> (artifact id: 'ff207bb573df8eb9ee38cc46da4002fc') in 0.0004717 seconds
Number of updated asset objects reloaded before import = 0Number of asset objects unloaded after import = 0

========================================================================
Received Import Request.
  Time since last request: 2.231962 seconds.
  path: Assets/Prefabs/Entities
  artifactKey: Guid(f8022ae06d9f6584c9741fa2c4b635c8) Importer(2089858483,b0f066a214c2f5e87bad3c948f4d605d)
Start importing Assets/Prefabs/Entities using Guid(f8022ae06d9f6584c9741fa2c4b635c8) Importer(2089858483,b0f066a214c2f5e87bad3c948f4d605d) (ScriptedImporter) -> (artifact id: 'dbad80aa588345ad8025d49ecac98574') in 0.0244062 seconds
Number of updated asset objects reloaded before import = 0Number of asset objects unloaded after import = 1

========================================================================
Received Import Request.
  Time since last request: 1.571427 seconds.
  path: Assets/Prefabs/UI
  artifactKey: Guid(69e8db5dc849370459df04340ba1b979) Importer(815301076,1909f56bfc062723c751e8b465ee728b)
Start importing Assets/Prefabs/UI using Guid(69e8db5dc849370459df04340ba1b979) Importer(815301076,1909f56bfc062723c751e8b465ee728b) (PreviewImporter) -> (artifact id: 'f2903635cdd0c25743f09d62d87c4ae2') in 0.0005347 seconds
Number of updated asset objects reloaded before import = 0Number of asset objects unloaded after import = 0

========================================================================
Received Import Request.
  Time since last request: 2.227158 seconds.
  path: Assets/Prefabs/UI
  artifactKey: Guid(69e8db5dc849370459df04340ba1b979) Importer(2089858483,b0f066a214c2f5e87bad3c948f4d605d)
Start importing Assets/Prefabs/UI using Guid(69e8db5dc849370459df04340ba1b979) Importer(2089858483,b0f066a214c2f5e87bad3c948f4d605d) (ScriptedImporter) -> (artifact id: 'f439e2aa3d5f0312dc5d56e3dc96e6a2') in 0.0238499 seconds
Number of updated asset objects reloaded before import = 0Number of asset objects unloaded after import = 1

========================================================================
Received Import Request.
  Time since last request: 14.365473 seconds.
  path: Assets/Prefabs/Items
  artifactKey: Guid(420238a2206c33e45a40fde164d0d359) Importer(815301076,1909f56bfc062723c751e8b465ee728b)
Start importing Assets/Prefabs/Items using Guid(420238a2206c33e45a40fde164d0d359) Importer(815301076,1909f56bfc062723c751e8b465ee728b) (PreviewImporter) -> (artifact id: '9e00dd69985d1e05a87f0f5088012f65') in 0.0004774 seconds
Number of updated asset objects reloaded before import = 0Number of asset objects unloaded after import = 0

========================================================================
Received Import Request.
  Time since last request: 0.969344 seconds.
  path: Assets/Prefabs/Items
  artifactKey: Guid(420238a2206c33e45a40fde164d0d359) Importer(2089858483,b0f066a214c2f5e87bad3c948f4d605d)
Start importing Assets/Prefabs/Items using Guid(420238a2206c33e45a40fde164d0d359) Importer(2089858483,b0f066a214c2f5e87bad3c948f4d605d) (ScriptedImporter) -> (artifact id: '49944b9f74001ac5cc9b3019a503b208') in 0.056026 seconds
Number of updated asset objects reloaded before import = 0Number of asset objects unloaded after import = 1

========================================================================
Received Import Request.
  Time since last request: 5.876070 seconds.
  path: Assets/Prefabs/Entities/Hostile
  artifactKey: Guid(20941b9607c2f4d4f8ea5702b273e3d4) Importer(815301076,1909f56bfc062723c751e8b465ee728b)
Start importing Assets/Prefabs/Entities/Hostile using Guid(20941b9607c2f4d4f8ea5702b273e3d4) Importer(815301076,1909f56bfc062723c751e8b465ee728b) (PreviewImporter) -> (artifact id: 'b661cd646684b89ac3598ab6b3699c8f') in 0.0004885 seconds
Number of updated asset objects reloaded before import = 0Number of asset objects unloaded after import = 0

========================================================================
Received Import Request.
  Time since last request: 2.272844 seconds.
  path: Assets/Prefabs/Entities/Hostile
  artifactKey: Guid(20941b9607c2f4d4f8ea5702b273e3d4) Importer(2089858483,b0f066a214c2f5e87bad3c948f4d605d)
Start importing Assets/Prefabs/Entities/Hostile using Guid(20941b9607c2f4d4f8ea5702b273e3d4) Importer(2089858483,b0f066a214c2f5e87bad3c948f4d605d) (ScriptedImporter) -> (artifact id: '586eebccf6a852d89543c7e443f6f7ee') in 0.0335593 seconds
Number of updated asset objects reloaded before import = 0Number of asset objects unloaded after import = 1

========================================================================
Received Import Request.
  Time since last request: 2.638703 seconds.
  path: Assets/Prefabs/Entities/Passive
  artifactKey: Guid(f53388a5c9027b945a130d69f252c869) Importer(815301076,1909f56bfc062723c751e8b465ee728b)
Start importing Assets/Prefabs/Entities/Passive using Guid(f53388a5c9027b945a130d69f252c869) Importer(815301076,1909f56bfc062723c751e8b465ee728b) (PreviewImporter) -> (artifact id: '897f5a08452b2b3336b92dbd1c15ae1f') in 0.000474 seconds
Number of updated asset objects reloaded before import = 0Number of asset objects unloaded after import = 0

========================================================================
Received Import Request.
  Time since last request: 0.974601 seconds.
  path: Assets/Prefabs/Entities/Passive
  artifactKey: Guid(f53388a5c9027b945a130d69f252c869) Importer(2089858483,b0f066a214c2f5e87bad3c948f4d605d)
Start importing Assets/Prefabs/Entities/Passive using Guid(f53388a5c9027b945a130d69f252c869) Importer(2089858483,b0f066a214c2f5e87bad3c948f4d605d) (ScriptedImporter) -> (artifact id: '7580cb44e9f307484273e2c31a8cb42f') in 0.0339126 seconds
Number of updated asset objects reloaded before import = 0Number of asset objects unloaded after import = 1

========================================================================
Received Import Request.
  Time since last request: 3.626731 seconds.
  path: Assets/Prefabs/Entities/Neutral
  artifactKey: Guid(f64866abb8467f14295ec0bd29379096) Importer(815301076,1909f56bfc062723c751e8b465ee728b)
Start importing Assets/Prefabs/Entities/Neutral using Guid(f64866abb8467f14295ec0bd29379096) Importer(815301076,1909f56bfc062723c751e8b465ee728b) (PreviewImporter) -> (artifact id: '31d6fddc72ab1dd0ac472c0646539e1c') in 0.0004754 seconds
Number of updated asset objects reloaded before import = 0Number of asset objects unloaded after import = 0

========================================================================
Received Import Request.
  Time since last request: 0.968182 seconds.
  path: Assets/Prefabs/Entities/Neutral
  artifactKey: Guid(f64866abb8467f14295ec0bd29379096) Importer(2089858483,b0f066a214c2f5e87bad3c948f4d605d)
Start importing Assets/Prefabs/Entities/Neutral using Guid(f64866abb8467f14295ec0bd29379096) Importer(2089858483,b0f066a214c2f5e87bad3c948f4d605d) (ScriptedImporter) -> (artifact id: '61d96a0b041d86ac2398080ee79c1c86') in 0.0236367 seconds
Number of updated asset objects reloaded before import = 0Number of asset objects unloaded after import = 1

========================================================================
Received Import Request.
  Time since last request: 21.583506 seconds.
  path: Assets/Prefabs/Environment/Traps
  artifactKey: Guid(77ec1df79bb4be343bb6dfe043348603) Importer(815301076,1909f56bfc062723c751e8b465ee728b)
Start importing Assets/Prefabs/Environment/Traps using Guid(77ec1df79bb4be343bb6dfe043348603) Importer(815301076,1909f56bfc062723c751e8b465ee728b) (PreviewImporter) -> (artifact id: 'b56a8fd80d18cc1bd460213dd7dc5043') in 0.0004699 seconds
Number of updated asset objects reloaded before import = 0Number of asset objects unloaded after import = 0

========================================================================
Received Import Request.
  Time since last request: 2.028519 seconds.
  path: Assets/Prefabs/Environment/Traps
  artifactKey: Guid(77ec1df79bb4be343bb6dfe043348603) Importer(2089858483,b0f066a214c2f5e87bad3c948f4d605d)
Start importing Assets/Prefabs/Environment/Traps using Guid(77ec1df79bb4be343bb6dfe043348603) Importer(2089858483,b0f066a214c2f5e87bad3c948f4d605d) (ScriptedImporter) -> (artifact id: 'c029668342adc22073c3558718b02e41') in 0.0268028 seconds
Number of updated asset objects reloaded before import = 0Number of asset objects unloaded after import = 1

========================================================================
Received Import Request.
  Time since last request: 12.580066 seconds.
  path: Assets/Prefabs/Environment/Buildings
  artifactKey: Guid(1518957b13cbfd94ba285e8b9f0173a2) Importer(815301076,1909f56bfc062723c751e8b465ee728b)
Start importing Assets/Prefabs/Environment/Buildings using Guid(1518957b13cbfd94ba285e8b9f0173a2) Importer(815301076,1909f56bfc062723c751e8b465ee728b) (PreviewImporter) -> (artifact id: '52315a98561ea11632c5cc313487b34b') in 0.0005556 seconds
Number of updated asset objects reloaded before import = 0Number of asset objects unloaded after import = 0

========================================================================
Received Import Request.
  Time since last request: 2.273395 seconds.
  path: Assets/Prefabs/Environment/Buildings
  artifactKey: Guid(1518957b13cbfd94ba285e8b9f0173a2) Importer(2089858483,b0f066a214c2f5e87bad3c948f4d605d)
Start importing Assets/Prefabs/Environment/Buildings using Guid(1518957b13cbfd94ba285e8b9f0173a2) Importer(2089858483,b0f066a214c2f5e87bad3c948f4d605d) (ScriptedImporter) -> (artifact id: '7844bc71792bf4404ed9a37069f4601d') in 0.0256085 seconds
Number of updated asset objects reloaded before import = 0Number of asset objects unloaded after import = 1

========================================================================
Received Import Request.
  Time since last request: 1.484065 seconds.
  path: Assets/Prefabs/Environment/Terrain
  artifactKey: Guid(8b5383cdcd8a1f140b8c60a7f92bd230) Importer(815301076,1909f56bfc062723c751e8b465ee728b)
Start importing Assets/Prefabs/Environment/Terrain using Guid(8b5383cdcd8a1f140b8c60a7f92bd230) Importer(815301076,1909f56bfc062723c751e8b465ee728b) (PreviewImporter) -> (artifact id: '2711012cef86667f08d39dba2b4b5b07') in 0.0005638 seconds
Number of updated asset objects reloaded before import = 0Number of asset objects unloaded after import = 0

========================================================================
Received Import Request.
  Time since last request: 2.189836 seconds.
  path: Assets/Prefabs/Environment/Terrain
  artifactKey: Guid(8b5383cdcd8a1f140b8c60a7f92bd230) Importer(2089858483,b0f066a214c2f5e87bad3c948f4d605d)
Start importing Assets/Prefabs/Environment/Terrain using Guid(8b5383cdcd8a1f140b8c60a7f92bd230) Importer(2089858483,b0f066a214c2f5e87bad3c948f4d605d) (ScriptedImporter) -> (artifact id: '1a83ffbf402ee4bb42d217cce8bc0df9') in 0.0201641 seconds
Number of updated asset objects reloaded before import = 0Number of asset objects unloaded after import = 1

========================================================================
Received Import Request.
  Time since last request: 2.424400 seconds.
  path: Assets/Prefabs/Environment/Obstacles
  artifactKey: Guid(0ab124b7c6b5c1645899596da73062fd) Importer(815301076,1909f56bfc062723c751e8b465ee728b)
Start importing Assets/Prefabs/Environment/Obstacles using Guid(0ab124b7c6b5c1645899596da73062fd) Importer(815301076,1909f56bfc062723c751e8b465ee728b) (PreviewImporter) -> (artifact id: '23555bf1450c8aba9fcb7e0c49d41f13') in 0.0004774 seconds
Number of updated asset objects reloaded before import = 0Number of asset objects unloaded after import = 0

========================================================================
Received Import Request.
  Time since last request: 3.525771 seconds.
  path: Assets/Prefabs/Environment/Obstacles
  artifactKey: Guid(0ab124b7c6b5c1645899596da73062fd) Importer(2089858483,b0f066a214c2f5e87bad3c948f4d605d)
Start importing Assets/Prefabs/Environment/Obstacles using Guid(0ab124b7c6b5c1645899596da73062fd) Importer(2089858483,b0f066a214c2f5e87bad3c948f4d605d) (ScriptedImporter) -> (artifact id: '78d5cef0d8bad2e18a2d04cef18f2159') in 0.0248426 seconds
Number of updated asset objects reloaded before import = 0Number of asset objects unloaded after import = 1

========================================================================
Received Import Request.
  Time since last request: 13.674357 seconds.
  path: Assets/Prefabs/Environment/Containers
  artifactKey: Guid(4c7ae7080e955fe43868ae23cf60a2b5) Importer(815301076,1909f56bfc062723c751e8b465ee728b)
Start importing Assets/Prefabs/Environment/Containers using Guid(4c7ae7080e955fe43868ae23cf60a2b5) Importer(815301076,1909f56bfc062723c751e8b465ee728b) (PreviewImporter) -> (artifact id: '2e831cc11e8f7a83a506528fdcec8493') in 0.0006349 seconds
Number of updated asset objects reloaded before import = 0Number of asset objects unloaded after import = 0

========================================================================
Received Import Request.
  Time since last request: 0.975886 seconds.
  path: Assets/Prefabs/Environment/Containers
  artifactKey: Guid(4c7ae7080e955fe43868ae23cf60a2b5) Importer(2089858483,b0f066a214c2f5e87bad3c948f4d605d)
Start importing Assets/Prefabs/Environment/Containers using Guid(4c7ae7080e955fe43868ae23cf60a2b5) Importer(2089858483,b0f066a214c2f5e87bad3c948f4d605d) (ScriptedImporter) -> (artifact id: '1e80f051965b81a3580857fb814c5a63') in 0.0265305 seconds
Number of updated asset objects reloaded before import = 0Number of asset objects unloaded after import = 1

========================================================================
Received Import Request.
  Time since last request: 14.971988 seconds.
  path: Assets/Prefabs/Items/Items
  artifactKey: Guid(c449fe04578f1ec49899ed989cda05aa) Importer(815301076,1909f56bfc062723c751e8b465ee728b)
Start importing Assets/Prefabs/Items/Items using Guid(c449fe04578f1ec49899ed989cda05aa) Importer(815301076,1909f56bfc062723c751e8b465ee728b) (PreviewImporter) -> (artifact id: 'a15823068afdeacd4a44ec4bcf8dd6cd') in 0.0004537 seconds
Number of updated asset objects reloaded before import = 0Number of asset objects unloaded after import = 0

========================================================================
Received Import Request.
  Time since last request: 0.974685 seconds.
  path: Assets/Prefabs/Items/Items
  artifactKey: Guid(c449fe04578f1ec49899ed989cda05aa) Importer(2089858483,b0f066a214c2f5e87bad3c948f4d605d)
Start importing Assets/Prefabs/Items/Items using Guid(c449fe04578f1ec49899ed989cda05aa) Importer(2089858483,b0f066a214c2f5e87bad3c948f4d605d) (ScriptedImporter) -> (artifact id: '4c8da36776ded002cb02f3a0daf7c29b') in 0.0352127 seconds
Number of updated asset objects reloaded before import = 0Number of asset objects unloaded after import = 1

========================================================================
Received Import Request.
  Time since last request: 3.646241 seconds.
  path: Assets/Prefabs/Items/Weapons
  artifactKey: Guid(c449fe04578f1ec49899ed989cda05aa) Importer(815301076,1909f56bfc062723c751e8b465ee728b)
Start importing Assets/Prefabs/Items/Weapons using Guid(c449fe04578f1ec49899ed989cda05aa) Importer(815301076,1909f56bfc062723c751e8b465ee728b) (PreviewImporter) -> (artifact id: 'db3d06092d625dea6d8de5d24daec1b8') in 0.0005014 seconds
Number of updated asset objects reloaded before import = 0Number of asset objects unloaded after import = 0

========================================================================
Received Import Request.
  Time since last request: 1.461930 seconds.
  path: Assets/Prefabs/Items/Weapons
  artifactKey: Guid(c449fe04578f1ec49899ed989cda05aa) Importer(2089858483,b0f066a214c2f5e87bad3c948f4d605d)
Start importing Assets/Prefabs/Items/Weapons using Guid(c449fe04578f1ec49899ed989cda05aa) Importer(2089858483,b0f066a214c2f5e87bad3c948f4d605d) (ScriptedImporter) -> (artifact id: '56f42f3906bdb11e7f9c2c5e371e9457') in 0.0266482 seconds
Number of updated asset objects reloaded before import = 0Number of asset objects unloaded after import = 1

========================================================================
Received Import Request.
  Time since last request: 5.740878 seconds.
  path: Assets/Prefabs/Items/Consumables
  artifactKey: Guid(fb8d70ccd2afdf141911602957ac128d) Importer(815301076,1909f56bfc062723c751e8b465ee728b)
Start importing Assets/Prefabs/Items/Consumables using Guid(fb8d70ccd2afdf141911602957ac128d) Importer(815301076,1909f56bfc062723c751e8b465ee728b) (PreviewImporter) -> (artifact id: '06061e072c5c5e717bd7259ce466ad83') in 0.000459 seconds
Number of updated asset objects reloaded before import = 0Number of asset objects unloaded after import = 0

========================================================================
Received Import Request.
  Time since last request: 3.201500 seconds.
  path: Assets/Prefabs/Items/Consumables
  artifactKey: Guid(fb8d70ccd2afdf141911602957ac128d) Importer(2089858483,b0f066a214c2f5e87bad3c948f4d605d)
Start importing Assets/Prefabs/Items/Consumables using Guid(fb8d70ccd2afdf141911602957ac128d) Importer(2089858483,b0f066a214c2f5e87bad3c948f4d605d) (ScriptedImporter) -> (artifact id: '488e3cdc073d5798f5335289594cd47d') in 0.0224244 seconds
Number of updated asset objects reloaded before import = 0Number of asset objects unloaded after import = 1

========================================================================
Received Import Request.
  Time since last request: 2.051240 seconds.
  path: Assets/Prefabs/Items/Artifacts
  artifactKey: Guid(a1ca6966579c973439d0f3fdf56f0cb2) Importer(815301076,1909f56bfc062723c751e8b465ee728b)
Start importing Assets/Prefabs/Items/Artifacts using Guid(a1ca6966579c973439d0f3fdf56f0cb2) Importer(815301076,1909f56bfc062723c751e8b465ee728b) (PreviewImporter) -> (artifact id: '8e0c0734bd67bc651f460aaecc25dc19') in 0.0004476 seconds
Number of updated asset objects reloaded before import = 0Number of asset objects unloaded after import = 0

========================================================================
Received Import Request.
  Time since last request: 0.972464 seconds.
  path: Assets/Prefabs/Items/Artifacts
  artifactKey: Guid(a1ca6966579c973439d0f3fdf56f0cb2) Importer(2089858483,b0f066a214c2f5e87bad3c948f4d605d)
Start importing Assets/Prefabs/Items/Artifacts using Guid(a1ca6966579c973439d0f3fdf56f0cb2) Importer(2089858483,b0f066a214c2f5e87bad3c948f4d605d) (ScriptedImporter) -> (artifact id: 'fc77e2c18a791eba8d20bf6697c198a4') in 0.0547694 seconds
Number of updated asset objects reloaded before import = 0Number of asset objects unloaded after import = 1

========================================================================
Received Import Request.
  Time since last request: 19.305044 seconds.
  path: Assets/Prefabs/Items/Quest Items
  artifactKey: Guid(d13f52fc6e619fa4eaa727599630b4ad) Importer(815301076,1909f56bfc062723c751e8b465ee728b)
Start importing Assets/Prefabs/Items/Quest Items using Guid(d13f52fc6e619fa4eaa727599630b4ad) Importer(815301076,1909f56bfc062723c751e8b465ee728b) (PreviewImporter) -> (artifact id: '0b9e0dd55be44ce09fd8534e86832f83') in 0.0006525 seconds
Number of updated asset objects reloaded before import = 0Number of asset objects unloaded after import = 0

========================================================================
Received Import Request.
  Time since last request: 1.012479 seconds.
  path: Assets/Prefabs/Items/Quest Items
  artifactKey: Guid(d13f52fc6e619fa4eaa727599630b4ad) Importer(2089858483,b0f066a214c2f5e87bad3c948f4d605d)
Start importing Assets/Prefabs/Items/Quest Items using Guid(d13f52fc6e619fa4eaa727599630b4ad) Importer(2089858483,b0f066a214c2f5e87bad3c948f4d605d) (ScriptedImporter) -> (artifact id: '13c117167ec363312c9a7ef6a7a12669') in 0.0286842 seconds
Number of updated asset objects reloaded before import = 0Number of asset objects unloaded after import = 1

========================================================================
Received Import Request.
  Time since last request: 6.137157 seconds.
  path: Assets/Prefabs/UI/UI.prefab
  artifactKey: Guid(5e96dac12e7dfe4468d49f36f03a5154) Importer(815301076,1909f56bfc062723c751e8b465ee728b)
Start importing Assets/Prefabs/UI/UI.prefab using Guid(5e96dac12e7dfe4468d49f36f03a5154) Importer(815301076,1909f56bfc062723c751e8b465ee728b) (PreviewImporter) -> (artifact id: '661872507037b28822d4774e7547c6b7') in 0.0609809 seconds
Number of updated asset objects reloaded before import = 0Number of asset objects unloaded after import = 98

========================================================================
Received Import Request.
  Time since last request: 0.919695 seconds.
  path: Assets/Prefabs/UI/UI.prefab
  artifactKey: Guid(5e96dac12e7dfe4468d49f36f03a5154) Importer(2089858483,b0f066a214c2f5e87bad3c948f4d605d)
Start importing Assets/Prefabs/UI/UI.prefab using Guid(5e96dac12e7dfe4468d49f36f03a5154) Importer(2089858483,b0f066a214c2f5e87bad3c948f4d605d) (ScriptedImporter) -> (artifact id: '162d5799401fc705ca3ddfbc50799bea') in 0.0755134 seconds
Number of updated asset objects reloaded before import = 0Number of asset objects unloaded after import = 98

========================================================================
Received Import Request.
  Time since last request: 27.311782 seconds.
  path: Assets/Prefabs/Items/box with sword.fbx
  artifactKey: Guid(ac257dc946dc9bc4095070af639d0c7b) Importer(2089858483,b0f066a214c2f5e87bad3c948f4d605d)
Start importing Assets/Prefabs/Items/box with sword.fbx using Guid(ac257dc946dc9bc4095070af639d0c7b) Importer(2089858483,b0f066a214c2f5e87bad3c948f4d605d) (ScriptedImporter) -> (artifact id: 'ee2e627f22eb4c23a9b312bb4ed29219') in 0.1327148 seconds
Number of updated asset objects reloaded before import = 0Number of asset objects unloaded after import = 55

========================================================================
Received Import Request.
  Time since last request: 29.863468 seconds.
  path: Assets/Prefabs/Entities/Enemy.prefab
  artifactKey: Guid(bea434d24cfebc14fbf6e84c317c58b7) Importer(2089858483,b0f066a214c2f5e87bad3c948f4d605d)
Start importing Assets/Prefabs/Entities/Enemy.prefab using Guid(bea434d24cfebc14fbf6e84c317c58b7) Importer(2089858483,b0f066a214c2f5e87bad3c948f4d605d) (ScriptedImporter) -> (artifact id: 'cdf80f06e53151209f10624834066181') in 0.0443557 seconds
Number of updated asset objects reloaded before import = 0Number of asset objects unloaded after import = 7

========================================================================
Received Import Request.
  Time since last request: 7.099153 seconds.
  path: Assets/Prefabs/Entities/Hostile/Enemy.prefab
  artifactKey: Guid(bea434d24cfebc14fbf6e84c317c58b7) Importer(2089858483,b0f066a214c2f5e87bad3c948f4d605d)
Start importing Assets/Prefabs/Entities/Hostile/Enemy.prefab using Guid(bea434d24cfebc14fbf6e84c317c58b7) Importer(2089858483,b0f066a214c2f5e87bad3c948f4d605d) (ScriptedImporter) -> (artifact id: 'af14fb0327236566d85899895aa50cd2') in 0.0475974 seconds
Number of updated asset objects reloaded before import = 0Number of asset objects unloaded after import = 7

========================================================================
Received Import Request.
  Time since last request: 13.026898 seconds.
  path: Assets/Prefabs/UI/GameManager.prefab
  artifactKey: Guid(015287735ec49f447a41bac07d008f38) Importer(815301076,1909f56bfc062723c751e8b465ee728b)
Start importing Assets/Prefabs/UI/GameManager.prefab using Guid(015287735ec49f447a41bac07d008f38) Importer(815301076,1909f56bfc062723c751e8b465ee728b) (PreviewImporter) -> (artifact id: '59cfc07cabf6398b5d509aebfdca44f8') in 0.0014601 seconds
Number of updated asset objects reloaded before import = 0Number of asset objects unloaded after import = 5

========================================================================
Received Import Request.
  Time since last request: 0.988221 seconds.
  path: Assets/Prefabs/UI/GameManager.prefab
  artifactKey: Guid(015287735ec49f447a41bac07d008f38) Importer(2089858483,b0f066a214c2f5e87bad3c948f4d605d)
Start importing Assets/Prefabs/UI/GameManager.prefab using Guid(015287735ec49f447a41bac07d008f38) Importer(2089858483,b0f066a214c2f5e87bad3c948f4d605d) (ScriptedImporter) -> (artifact id: '6de756c7cf18f983ec1ed6517766e996') in 0.0380211 seconds
Number of updated asset objects reloaded before import = 0Number of asset objects unloaded after import = 5

========================================================================
Received Import Request.
  Time since last request: 8.853228 seconds.
  path: Assets/Scenes/SandboxRody.unity
  artifactKey: Guid(9fc0d4010bbf28b4594072e72b8655ab) Importer(2089858483,b0f066a214c2f5e87bad3c948f4d605d)
Start importing Assets/Scenes/SandboxRody.unity using Guid(9fc0d4010bbf28b4594072e72b8655ab) Importer(2089858483,b0f066a214c2f5e87bad3c948f4d605d) (ScriptedImporter) -> (artifact id: '226a8f4d294e9314f868bc190a8e0f78') in 0.0732718 seconds
Number of updated asset objects reloaded before import = 0Number of asset objects unloaded after import = 1

